DmlStatementContext -> UpdateStatementContext UPDATE orders
                     SET type = 'return'
                     WHERE total < 0
DmlStatementContext -> UpdateStatementContext -> SingleUpdateStatementContext UPDATE orders
                     SET type = 'return'
                     WHERE total < 0
DmlStatementContext -> UpdateStatementContext -> SingleUpdateStatementContext -> TerminalNodeImpl UPDATE
DmlStatementContext -> UpdateStatementContext -> SingleUpdateStatementContext -> TableNameContext orders
DmlStatementContext -> UpdateStatementContext -> SingleUpdateStatementContext -> TerminalNodeImpl SET
DmlStatementContext -> UpdateStatementContext -> SingleUpdateStatementContext -> UpdatedElementContext type = 'return'
DmlStatementContext -> UpdateStatementContext -> SingleUpdateStatementContext -> UpdatedElementContext -> FullColumnNameContext type
DmlStatementContext -> UpdateStatementContext -> SingleUpdateStatementContext -> UpdatedElementContext -> TerminalNodeImpl =
DmlStatementContext -> UpdateStatementContext -> SingleUpdateStatementContext -> UpdatedElementContext -> PredicateExpressionContext 'return'
DmlStatementContext -> UpdateStatementContext -> SingleUpdateStatementContext -> UpdatedElementContext -> PredicateExpressionContext -> ExpressionAtomPredicateContext 'return'
DmlStatementContext -> UpdateStatementContext -> SingleUpdateStatementContext -> TerminalNodeImpl WHERE
DmlStatementContext -> UpdateStatementContext -> SingleUpdateStatementContext -> PredicateExpressionContext total < 0
DmlStatementContext -> UpdateStatementContext -> SingleUpdateStatementContext -> PredicateExpressionContext -> BinaryComparasionPredicateContext total < 0
DmlStatementContext -> UpdateStatementContext -> SingleUpdateStatementContext -> PredicateExpressionContext -> BinaryComparasionPredicateContext -> ExpressionAtomPredicateContext total
DmlStatementContext -> UpdateStatementContext -> SingleUpdateStatementContext -> PredicateExpressionContext -> BinaryComparasionPredicateContext -> ComparisonOperatorContext <
DmlStatementContext -> UpdateStatementContext -> SingleUpdateStatementContext -> PredicateExpressionContext -> BinaryComparasionPredicateContext -> ExpressionAtomPredicateContext 0
